{"C:\\Users\\omo\\Desktop\\todo-webpack-project\\src\\index.js": {"path":"C:\\Users\\omo\\Desktop\\todo-webpack-project\\src\\index.js","statementMap":{"0":{"start":{"line":6,"column":12},"end":{"line":6,"column":59}},"1":{"start":{"line":9,"column":18},"end":{"line":11,"column":1}},"2":{"start":{"line":10,"column":2},"end":{"line":10,"column":55}},"3":{"start":{"line":14,"column":26},"end":{"line":18,"column":1}},"4":{"start":{"line":15,"column":2},"end":{"line":17,"column":5}},"5":{"start":{"line":16,"column":4},"end":{"line":16,"column":27}},"6":{"start":{"line":21,"column":20},"end":{"line":113,"column":1}},"7":{"start":{"line":22,"column":19},"end":{"line":22,"column":55}},"8":{"start":{"line":23,"column":2},"end":{"line":23,"column":26}},"9":{"start":{"line":26,"column":2},"end":{"line":26,"column":42}},"10":{"start":{"line":26,"column":23},"end":{"line":26,"column":40}},"11":{"start":{"line":29,"column":2},"end":{"line":112,"column":5}},"12":{"start":{"line":30,"column":21},"end":{"line":30,"column":50}},"13":{"start":{"line":31,"column":4},"end":{"line":31,"column":40}},"14":{"start":{"line":32,"column":4},"end":{"line":34,"column":5}},"15":{"start":{"line":33,"column":6},"end":{"line":33,"column":42}},"16":{"start":{"line":35,"column":4},"end":{"line":35,"column":45}},"17":{"start":{"line":36,"column":4},"end":{"line":36,"column":43}},"18":{"start":{"line":37,"column":4},"end":{"line":44,"column":6}},"19":{"start":{"line":45,"column":4},"end":{"line":45,"column":35}},"20":{"start":{"line":47,"column":21},"end":{"line":47,"column":69}},"21":{"start":{"line":48,"column":4},"end":{"line":52,"column":7}},"22":{"start":{"line":49,"column":6},"end":{"line":49,"column":40}},"23":{"start":{"line":50,"column":6},"end":{"line":50,"column":18}},"24":{"start":{"line":51,"column":6},"end":{"line":51,"column":20}},"25":{"start":{"line":54,"column":25},"end":{"line":54,"column":60}},"26":{"start":{"line":55,"column":4},"end":{"line":60,"column":7}},"27":{"start":{"line":56,"column":6},"end":{"line":56,"column":50}},"28":{"start":{"line":56,"column":39},"end":{"line":56,"column":48}},"29":{"start":{"line":57,"column":6},"end":{"line":57,"column":26}},"30":{"start":{"line":58,"column":6},"end":{"line":58,"column":18}},"31":{"start":{"line":59,"column":6},"end":{"line":59,"column":20}},"32":{"start":{"line":62,"column":23},"end":{"line":62,"column":63}},"33":{"start":{"line":63,"column":4},"end":{"line":70,"column":7}},"34":{"start":{"line":64,"column":6},"end":{"line":64,"column":44}},"35":{"start":{"line":65,"column":19},"end":{"line":65,"column":49}},"36":{"start":{"line":66,"column":6},"end":{"line":66,"column":69}},"37":{"start":{"line":67,"column":6},"end":{"line":69,"column":7}},"38":{"start":{"line":68,"column":8},"end":{"line":68,"column":21}},"39":{"start":{"line":72,"column":17},"end":{"line":72,"column":47}},"40":{"start":{"line":73,"column":4},"end":{"line":81,"column":7}},"41":{"start":{"line":74,"column":6},"end":{"line":80,"column":7}},"42":{"start":{"line":75,"column":8},"end":{"line":75,"column":31}},"43":{"start":{"line":76,"column":8},"end":{"line":76,"column":37}},"44":{"start":{"line":77,"column":8},"end":{"line":77,"column":42}},"45":{"start":{"line":78,"column":8},"end":{"line":78,"column":20}},"46":{"start":{"line":79,"column":8},"end":{"line":79,"column":22}},"47":{"start":{"line":83,"column":4},"end":{"line":86,"column":7}},"48":{"start":{"line":84,"column":6},"end":{"line":84,"column":46}},"49":{"start":{"line":85,"column":6},"end":{"line":85,"column":41}},"50":{"start":{"line":88,"column":4},"end":{"line":90,"column":7}},"51":{"start":{"line":89,"column":6},"end":{"line":89,"column":44}},"52":{"start":{"line":92,"column":4},"end":{"line":95,"column":7}},"53":{"start":{"line":93,"column":6},"end":{"line":93,"column":25}},"54":{"start":{"line":94,"column":6},"end":{"line":94,"column":42}},"55":{"start":{"line":97,"column":4},"end":{"line":99,"column":7}},"56":{"start":{"line":98,"column":6},"end":{"line":98,"column":45}},"57":{"start":{"line":101,"column":4},"end":{"line":111,"column":7}},"58":{"start":{"line":102,"column":6},"end":{"line":102,"column":25}},"59":{"start":{"line":103,"column":6},"end":{"line":103,"column":45}},"60":{"start":{"line":104,"column":27},"end":{"line":104,"column":63}},"61":{"start":{"line":105,"column":26},"end":{"line":105,"column":27}},"62":{"start":{"line":106,"column":26},"end":{"line":106,"column":58}},"63":{"start":{"line":107,"column":6},"end":{"line":107,"column":48}},"64":{"start":{"line":108,"column":6},"end":{"line":108,"column":26}},"65":{"start":{"line":109,"column":6},"end":{"line":109,"column":18}},"66":{"start":{"line":110,"column":6},"end":{"line":110,"column":20}},"67":{"start":{"line":116,"column":16},"end":{"line":125,"column":1}},"68":{"start":{"line":117,"column":18},"end":{"line":121,"column":3}},"69":{"start":{"line":122,"column":2},"end":{"line":122,"column":22}},"70":{"start":{"line":123,"column":2},"end":{"line":123,"column":14}},"71":{"start":{"line":124,"column":2},"end":{"line":124,"column":16}},"72":{"start":{"line":128,"column":28},"end":{"line":132,"column":1}},"73":{"start":{"line":129,"column":2},"end":{"line":129,"column":44}},"74":{"start":{"line":130,"column":2},"end":{"line":130,"column":14}},"75":{"start":{"line":131,"column":2},"end":{"line":131,"column":16}},"76":{"start":{"line":135,"column":25},"end":{"line":139,"column":1}},"77":{"start":{"line":136,"column":2},"end":{"line":136,"column":34}},"78":{"start":{"line":137,"column":2},"end":{"line":137,"column":14}},"79":{"start":{"line":138,"column":2},"end":{"line":138,"column":16}},"80":{"start":{"line":142,"column":28},"end":{"line":147,"column":1}},"81":{"start":{"line":143,"column":2},"end":{"line":143,"column":50}},"82":{"start":{"line":143,"column":33},"end":{"line":143,"column":48}},"83":{"start":{"line":144,"column":2},"end":{"line":144,"column":22}},"84":{"start":{"line":145,"column":2},"end":{"line":145,"column":14}},"85":{"start":{"line":146,"column":2},"end":{"line":146,"column":16}}},"fnMap":{"0":{"name":"(anonymous_0)","decl":{"start":{"line":9,"column":18},"end":{"line":9,"column":19}},"loc":{"start":{"line":9,"column":24},"end":{"line":11,"column":1}},"line":9},"1":{"name":"(anonymous_1)","decl":{"start":{"line":14,"column":26},"end":{"line":14,"column":27}},"loc":{"start":{"line":14,"column":32},"end":{"line":18,"column":1}},"line":14},"2":{"name":"(anonymous_2)","decl":{"start":{"line":15,"column":16},"end":{"line":15,"column":17}},"loc":{"start":{"line":15,"column":33},"end":{"line":17,"column":3}},"line":15},"3":{"name":"(anonymous_3)","decl":{"start":{"line":21,"column":20},"end":{"line":21,"column":21}},"loc":{"start":{"line":21,"column":26},"end":{"line":113,"column":1}},"line":21},"4":{"name":"(anonymous_4)","decl":{"start":{"line":26,"column":13},"end":{"line":26,"column":14}},"loc":{"start":{"line":26,"column":23},"end":{"line":26,"column":40}},"line":26},"5":{"name":"(anonymous_5)","decl":{"start":{"line":29,"column":16},"end":{"line":29,"column":17}},"loc":{"start":{"line":29,"column":29},"end":{"line":112,"column":3}},"line":29},"6":{"name":"(anonymous_6)","decl":{"start":{"line":48,"column":40},"end":{"line":48,"column":41}},"loc":{"start":{"line":48,"column":46},"end":{"line":52,"column":5}},"line":48},"7":{"name":"(anonymous_7)","decl":{"start":{"line":55,"column":43},"end":{"line":55,"column":44}},"loc":{"start":{"line":55,"column":49},"end":{"line":60,"column":5}},"line":55},"8":{"name":"(anonymous_8)","decl":{"start":{"line":56,"column":27},"end":{"line":56,"column":28}},"loc":{"start":{"line":56,"column":39},"end":{"line":56,"column":48}},"line":56},"9":{"name":"(anonymous_9)","decl":{"start":{"line":63,"column":41},"end":{"line":63,"column":42}},"loc":{"start":{"line":63,"column":47},"end":{"line":70,"column":5}},"line":63},"10":{"name":"(anonymous_10)","decl":{"start":{"line":73,"column":37},"end":{"line":73,"column":38}},"loc":{"start":{"line":73,"column":48},"end":{"line":81,"column":5}},"line":73},"11":{"name":"(anonymous_11)","decl":{"start":{"line":83,"column":43},"end":{"line":83,"column":44}},"loc":{"start":{"line":83,"column":50},"end":{"line":86,"column":5}},"line":83},"12":{"name":"(anonymous_12)","decl":{"start":{"line":88,"column":41},"end":{"line":88,"column":42}},"loc":{"start":{"line":88,"column":47},"end":{"line":90,"column":5}},"line":88},"13":{"name":"(anonymous_13)","decl":{"start":{"line":92,"column":42},"end":{"line":92,"column":43}},"loc":{"start":{"line":92,"column":49},"end":{"line":95,"column":5}},"line":92},"14":{"name":"(anonymous_14)","decl":{"start":{"line":97,"column":43},"end":{"line":97,"column":44}},"loc":{"start":{"line":97,"column":49},"end":{"line":99,"column":5}},"line":97},"15":{"name":"(anonymous_15)","decl":{"start":{"line":101,"column":38},"end":{"line":101,"column":39}},"loc":{"start":{"line":101,"column":45},"end":{"line":111,"column":5}},"line":101},"16":{"name":"(anonymous_16)","decl":{"start":{"line":116,"column":16},"end":{"line":116,"column":17}},"loc":{"start":{"line":116,"column":33},"end":{"line":125,"column":1}},"line":116},"17":{"name":"(anonymous_17)","decl":{"start":{"line":128,"column":28},"end":{"line":128,"column":29}},"loc":{"start":{"line":128,"column":55},"end":{"line":132,"column":1}},"line":128},"18":{"name":"(anonymous_18)","decl":{"start":{"line":135,"column":25},"end":{"line":135,"column":26}},"loc":{"start":{"line":135,"column":44},"end":{"line":139,"column":1}},"line":135},"19":{"name":"(anonymous_19)","decl":{"start":{"line":142,"column":28},"end":{"line":142,"column":29}},"loc":{"start":{"line":142,"column":34},"end":{"line":147,"column":1}},"line":142},"20":{"name":"(anonymous_20)","decl":{"start":{"line":143,"column":23},"end":{"line":143,"column":24}},"loc":{"start":{"line":143,"column":33},"end":{"line":143,"column":48}},"line":143}},"branchMap":{"0":{"loc":{"start":{"line":6,"column":12},"end":{"line":6,"column":59}},"type":"binary-expr","locations":[{"start":{"line":6,"column":12},"end":{"line":6,"column":53}},{"start":{"line":6,"column":57},"end":{"line":6,"column":59}}],"line":6},"1":{"loc":{"start":{"line":32,"column":4},"end":{"line":34,"column":5}},"type":"if","locations":[{"start":{"line":32,"column":4},"end":{"line":34,"column":5}},{"start":{},"end":{}}],"line":32},"2":{"loc":{"start":{"line":38,"column":31},"end":{"line":38,"column":62}},"type":"cond-expr","locations":[{"start":{"line":38,"column":48},"end":{"line":38,"column":57}},{"start":{"line":38,"column":60},"end":{"line":38,"column":62}}],"line":38},"3":{"loc":{"start":{"line":67,"column":6},"end":{"line":69,"column":7}},"type":"if","locations":[{"start":{"line":67,"column":6},"end":{"line":69,"column":7}},{"start":{},"end":{}}],"line":67},"4":{"loc":{"start":{"line":74,"column":6},"end":{"line":80,"column":7}},"type":"if","locations":[{"start":{"line":74,"column":6},"end":{"line":80,"column":7}},{"start":{},"end":{}}],"line":74}},"s":{"0":1,"1":1,"2":2,"3":1,"4":2,"5":0,"6":1,"7":3,"8":3,"9":2,"10":0,"11":2,"12":0,"13":0,"14":0,"15":0,"16":0,"17":0,"18":0,"19":0,"20":0,"21":0,"22":0,"23":0,"24":0,"25":0,"26":0,"27":0,"28":0,"29":0,"30":0,"31":0,"32":0,"33":0,"34":0,"35":0,"36":0,"37":0,"38":0,"39":0,"40":0,"41":0,"42":0,"43":0,"44":0,"45":0,"46":0,"47":0,"48":0,"49":0,"50":0,"51":0,"52":0,"53":0,"54":0,"55":0,"56":0,"57":0,"58":0,"59":0,"60":0,"61":0,"62":0,"63":0,"64":0,"65":0,"66":0,"67":1,"68":0,"69":0,"70":0,"71":0,"72":1,"73":1,"74":0,"75":0,"76":1,"77":1,"78":0,"79":0,"80":1,"81":2,"82":0,"83":2,"84":2,"85":2},"f":{"0":2,"1":2,"2":0,"3":3,"4":0,"5":0,"6":0,"7":0,"8":0,"9":0,"10":0,"11":0,"12":0,"13":0,"14":0,"15":0,"16":0,"17":1,"18":1,"19":2,"20":0},"b":{"0":[1,1],"1":[0,0],"2":[0,0],"3":[0,0],"4":[0,0]},"_coverageSchema":"1a1c01bbd47fc00a2c39e90264f33305004495a9","hash":"2b41f1db64ae070ca3a9e3e3a6e1e27671724177"}
}
