{"C:\\Users\\omo\\Desktop\\todo-webpack-project\\src\\index.js": {"path":"C:\\Users\\omo\\Desktop\\todo-webpack-project\\src\\index.js","statementMap":{"0":{"start":{"line":4,"column":12},"end":{"line":4,"column":59}},"1":{"start":{"line":7,"column":18},"end":{"line":9,"column":1}},"2":{"start":{"line":8,"column":2},"end":{"line":8,"column":55}},"3":{"start":{"line":12,"column":26},"end":{"line":16,"column":1}},"4":{"start":{"line":13,"column":2},"end":{"line":15,"column":5}},"5":{"start":{"line":14,"column":4},"end":{"line":14,"column":27}},"6":{"start":{"line":19,"column":20},"end":{"line":113,"column":1}},"7":{"start":{"line":20,"column":19},"end":{"line":20,"column":55}},"8":{"start":{"line":21,"column":2},"end":{"line":21,"column":24}},"9":{"start":{"line":21,"column":17},"end":{"line":21,"column":24}},"10":{"start":{"line":23,"column":2},"end":{"line":23,"column":26}},"11":{"start":{"line":26,"column":2},"end":{"line":26,"column":42}},"12":{"start":{"line":26,"column":23},"end":{"line":26,"column":40}},"13":{"start":{"line":29,"column":2},"end":{"line":112,"column":5}},"14":{"start":{"line":30,"column":21},"end":{"line":30,"column":50}},"15":{"start":{"line":31,"column":4},"end":{"line":31,"column":40}},"16":{"start":{"line":32,"column":4},"end":{"line":34,"column":5}},"17":{"start":{"line":33,"column":6},"end":{"line":33,"column":42}},"18":{"start":{"line":35,"column":4},"end":{"line":35,"column":45}},"19":{"start":{"line":36,"column":4},"end":{"line":36,"column":43}},"20":{"start":{"line":37,"column":4},"end":{"line":44,"column":6}},"21":{"start":{"line":45,"column":4},"end":{"line":45,"column":35}},"22":{"start":{"line":47,"column":21},"end":{"line":47,"column":69}},"23":{"start":{"line":48,"column":4},"end":{"line":52,"column":7}},"24":{"start":{"line":49,"column":6},"end":{"line":49,"column":40}},"25":{"start":{"line":50,"column":6},"end":{"line":50,"column":18}},"26":{"start":{"line":51,"column":6},"end":{"line":51,"column":20}},"27":{"start":{"line":54,"column":25},"end":{"line":54,"column":60}},"28":{"start":{"line":55,"column":4},"end":{"line":60,"column":7}},"29":{"start":{"line":56,"column":6},"end":{"line":56,"column":50}},"30":{"start":{"line":56,"column":39},"end":{"line":56,"column":48}},"31":{"start":{"line":57,"column":6},"end":{"line":57,"column":26}},"32":{"start":{"line":58,"column":6},"end":{"line":58,"column":18}},"33":{"start":{"line":59,"column":6},"end":{"line":59,"column":20}},"34":{"start":{"line":62,"column":23},"end":{"line":62,"column":63}},"35":{"start":{"line":63,"column":4},"end":{"line":70,"column":7}},"36":{"start":{"line":64,"column":6},"end":{"line":64,"column":44}},"37":{"start":{"line":65,"column":19},"end":{"line":65,"column":49}},"38":{"start":{"line":66,"column":6},"end":{"line":66,"column":69}},"39":{"start":{"line":67,"column":6},"end":{"line":69,"column":7}},"40":{"start":{"line":68,"column":8},"end":{"line":68,"column":21}},"41":{"start":{"line":72,"column":17},"end":{"line":72,"column":47}},"42":{"start":{"line":73,"column":4},"end":{"line":81,"column":7}},"43":{"start":{"line":74,"column":6},"end":{"line":80,"column":7}},"44":{"start":{"line":75,"column":8},"end":{"line":75,"column":31}},"45":{"start":{"line":76,"column":8},"end":{"line":76,"column":37}},"46":{"start":{"line":77,"column":8},"end":{"line":77,"column":42}},"47":{"start":{"line":78,"column":8},"end":{"line":78,"column":20}},"48":{"start":{"line":79,"column":8},"end":{"line":79,"column":22}},"49":{"start":{"line":83,"column":4},"end":{"line":86,"column":7}},"50":{"start":{"line":84,"column":6},"end":{"line":84,"column":46}},"51":{"start":{"line":85,"column":6},"end":{"line":85,"column":41}},"52":{"start":{"line":88,"column":4},"end":{"line":90,"column":7}},"53":{"start":{"line":89,"column":6},"end":{"line":89,"column":44}},"54":{"start":{"line":92,"column":4},"end":{"line":95,"column":7}},"55":{"start":{"line":93,"column":6},"end":{"line":93,"column":25}},"56":{"start":{"line":94,"column":6},"end":{"line":94,"column":42}},"57":{"start":{"line":97,"column":4},"end":{"line":99,"column":7}},"58":{"start":{"line":98,"column":6},"end":{"line":98,"column":45}},"59":{"start":{"line":101,"column":4},"end":{"line":111,"column":7}},"60":{"start":{"line":102,"column":6},"end":{"line":102,"column":25}},"61":{"start":{"line":103,"column":6},"end":{"line":103,"column":45}},"62":{"start":{"line":104,"column":27},"end":{"line":104,"column":63}},"63":{"start":{"line":105,"column":26},"end":{"line":105,"column":27}},"64":{"start":{"line":106,"column":26},"end":{"line":106,"column":58}},"65":{"start":{"line":107,"column":6},"end":{"line":107,"column":48}},"66":{"start":{"line":108,"column":6},"end":{"line":108,"column":26}},"67":{"start":{"line":109,"column":6},"end":{"line":109,"column":18}},"68":{"start":{"line":110,"column":6},"end":{"line":110,"column":20}},"69":{"start":{"line":116,"column":16},"end":{"line":125,"column":1}},"70":{"start":{"line":117,"column":18},"end":{"line":121,"column":3}},"71":{"start":{"line":122,"column":2},"end":{"line":122,"column":22}},"72":{"start":{"line":123,"column":2},"end":{"line":123,"column":14}},"73":{"start":{"line":124,"column":2},"end":{"line":124,"column":16}},"74":{"start":{"line":128,"column":28},"end":{"line":134,"column":1}},"75":{"start":{"line":129,"column":2},"end":{"line":133,"column":3}},"76":{"start":{"line":130,"column":4},"end":{"line":130,"column":46}},"77":{"start":{"line":131,"column":4},"end":{"line":131,"column":16}},"78":{"start":{"line":132,"column":4},"end":{"line":132,"column":18}},"79":{"start":{"line":137,"column":25},"end":{"line":143,"column":1}},"80":{"start":{"line":138,"column":2},"end":{"line":142,"column":3}},"81":{"start":{"line":139,"column":4},"end":{"line":139,"column":36}},"82":{"start":{"line":140,"column":4},"end":{"line":140,"column":16}},"83":{"start":{"line":141,"column":4},"end":{"line":141,"column":18}},"84":{"start":{"line":146,"column":28},"end":{"line":151,"column":1}},"85":{"start":{"line":147,"column":2},"end":{"line":147,"column":50}},"86":{"start":{"line":147,"column":33},"end":{"line":147,"column":48}},"87":{"start":{"line":148,"column":2},"end":{"line":148,"column":22}},"88":{"start":{"line":149,"column":2},"end":{"line":149,"column":14}},"89":{"start":{"line":150,"column":2},"end":{"line":150,"column":16}},"90":{"start":{"line":157,"column":0},"end":{"line":173,"column":3}},"91":{"start":{"line":158,"column":2},"end":{"line":158,"column":16}},"92":{"start":{"line":160,"column":19},"end":{"line":160,"column":55}},"93":{"start":{"line":161,"column":2},"end":{"line":169,"column":5}},"94":{"start":{"line":162,"column":4},"end":{"line":162,"column":27}},"95":{"start":{"line":163,"column":22},"end":{"line":163,"column":59}},"96":{"start":{"line":164,"column":24},"end":{"line":164,"column":46}},"97":{"start":{"line":165,"column":4},"end":{"line":168,"column":5}},"98":{"start":{"line":166,"column":6},"end":{"line":166,"column":27}},"99":{"start":{"line":167,"column":6},"end":{"line":167,"column":27}},"100":{"start":{"line":171,"column":31},"end":{"line":171,"column":73}},"101":{"start":{"line":172,"column":2},"end":{"line":172,"column":70}}},"fnMap":{"0":{"name":"(anonymous_0)","decl":{"start":{"line":7,"column":18},"end":{"line":7,"column":19}},"loc":{"start":{"line":7,"column":24},"end":{"line":9,"column":1}},"line":7},"1":{"name":"(anonymous_1)","decl":{"start":{"line":12,"column":26},"end":{"line":12,"column":27}},"loc":{"start":{"line":12,"column":32},"end":{"line":16,"column":1}},"line":12},"2":{"name":"(anonymous_2)","decl":{"start":{"line":13,"column":16},"end":{"line":13,"column":17}},"loc":{"start":{"line":13,"column":33},"end":{"line":15,"column":3}},"line":13},"3":{"name":"(anonymous_3)","decl":{"start":{"line":19,"column":20},"end":{"line":19,"column":21}},"loc":{"start":{"line":19,"column":26},"end":{"line":113,"column":1}},"line":19},"4":{"name":"(anonymous_4)","decl":{"start":{"line":26,"column":13},"end":{"line":26,"column":14}},"loc":{"start":{"line":26,"column":23},"end":{"line":26,"column":40}},"line":26},"5":{"name":"(anonymous_5)","decl":{"start":{"line":29,"column":16},"end":{"line":29,"column":17}},"loc":{"start":{"line":29,"column":29},"end":{"line":112,"column":3}},"line":29},"6":{"name":"(anonymous_6)","decl":{"start":{"line":48,"column":40},"end":{"line":48,"column":41}},"loc":{"start":{"line":48,"column":46},"end":{"line":52,"column":5}},"line":48},"7":{"name":"(anonymous_7)","decl":{"start":{"line":55,"column":43},"end":{"line":55,"column":44}},"loc":{"start":{"line":55,"column":49},"end":{"line":60,"column":5}},"line":55},"8":{"name":"(anonymous_8)","decl":{"start":{"line":56,"column":27},"end":{"line":56,"column":28}},"loc":{"start":{"line":56,"column":39},"end":{"line":56,"column":48}},"line":56},"9":{"name":"(anonymous_9)","decl":{"start":{"line":63,"column":41},"end":{"line":63,"column":42}},"loc":{"start":{"line":63,"column":47},"end":{"line":70,"column":5}},"line":63},"10":{"name":"(anonymous_10)","decl":{"start":{"line":73,"column":37},"end":{"line":73,"column":38}},"loc":{"start":{"line":73,"column":48},"end":{"line":81,"column":5}},"line":73},"11":{"name":"(anonymous_11)","decl":{"start":{"line":83,"column":43},"end":{"line":83,"column":44}},"loc":{"start":{"line":83,"column":50},"end":{"line":86,"column":5}},"line":83},"12":{"name":"(anonymous_12)","decl":{"start":{"line":88,"column":41},"end":{"line":88,"column":42}},"loc":{"start":{"line":88,"column":47},"end":{"line":90,"column":5}},"line":88},"13":{"name":"(anonymous_13)","decl":{"start":{"line":92,"column":42},"end":{"line":92,"column":43}},"loc":{"start":{"line":92,"column":49},"end":{"line":95,"column":5}},"line":92},"14":{"name":"(anonymous_14)","decl":{"start":{"line":97,"column":43},"end":{"line":97,"column":44}},"loc":{"start":{"line":97,"column":49},"end":{"line":99,"column":5}},"line":97},"15":{"name":"(anonymous_15)","decl":{"start":{"line":101,"column":38},"end":{"line":101,"column":39}},"loc":{"start":{"line":101,"column":45},"end":{"line":111,"column":5}},"line":101},"16":{"name":"(anonymous_16)","decl":{"start":{"line":116,"column":16},"end":{"line":116,"column":17}},"loc":{"start":{"line":116,"column":33},"end":{"line":125,"column":1}},"line":116},"17":{"name":"(anonymous_17)","decl":{"start":{"line":128,"column":28},"end":{"line":128,"column":29}},"loc":{"start":{"line":128,"column":55},"end":{"line":134,"column":1}},"line":128},"18":{"name":"(anonymous_18)","decl":{"start":{"line":137,"column":25},"end":{"line":137,"column":26}},"loc":{"start":{"line":137,"column":44},"end":{"line":143,"column":1}},"line":137},"19":{"name":"(anonymous_19)","decl":{"start":{"line":146,"column":28},"end":{"line":146,"column":29}},"loc":{"start":{"line":146,"column":34},"end":{"line":151,"column":1}},"line":146},"20":{"name":"(anonymous_20)","decl":{"start":{"line":147,"column":23},"end":{"line":147,"column":24}},"loc":{"start":{"line":147,"column":33},"end":{"line":147,"column":48}},"line":147},"21":{"name":"(anonymous_21)","decl":{"start":{"line":157,"column":46},"end":{"line":157,"column":47}},"loc":{"start":{"line":157,"column":52},"end":{"line":173,"column":1}},"line":157},"22":{"name":"(anonymous_22)","decl":{"start":{"line":161,"column":38},"end":{"line":161,"column":39}},"loc":{"start":{"line":161,"column":49},"end":{"line":169,"column":3}},"line":161}},"branchMap":{"0":{"loc":{"start":{"line":4,"column":12},"end":{"line":4,"column":59}},"type":"binary-expr","locations":[{"start":{"line":4,"column":12},"end":{"line":4,"column":53}},{"start":{"line":4,"column":57},"end":{"line":4,"column":59}}],"line":4},"1":{"loc":{"start":{"line":21,"column":2},"end":{"line":21,"column":24}},"type":"if","locations":[{"start":{"line":21,"column":2},"end":{"line":21,"column":24}},{"start":{},"end":{}}],"line":21},"2":{"loc":{"start":{"line":32,"column":4},"end":{"line":34,"column":5}},"type":"if","locations":[{"start":{"line":32,"column":4},"end":{"line":34,"column":5}},{"start":{},"end":{}}],"line":32},"3":{"loc":{"start":{"line":38,"column":31},"end":{"line":38,"column":62}},"type":"cond-expr","locations":[{"start":{"line":38,"column":48},"end":{"line":38,"column":57}},{"start":{"line":38,"column":60},"end":{"line":38,"column":62}}],"line":38},"4":{"loc":{"start":{"line":67,"column":6},"end":{"line":69,"column":7}},"type":"if","locations":[{"start":{"line":67,"column":6},"end":{"line":69,"column":7}},{"start":{},"end":{}}],"line":67},"5":{"loc":{"start":{"line":74,"column":6},"end":{"line":80,"column":7}},"type":"if","locations":[{"start":{"line":74,"column":6},"end":{"line":80,"column":7}},{"start":{},"end":{}}],"line":74},"6":{"loc":{"start":{"line":129,"column":2},"end":{"line":133,"column":3}},"type":"if","locations":[{"start":{"line":129,"column":2},"end":{"line":133,"column":3}},{"start":{},"end":{}}],"line":129},"7":{"loc":{"start":{"line":138,"column":2},"end":{"line":142,"column":3}},"type":"if","locations":[{"start":{"line":138,"column":2},"end":{"line":142,"column":3}},{"start":{},"end":{}}],"line":138},"8":{"loc":{"start":{"line":165,"column":4},"end":{"line":168,"column":5}},"type":"if","locations":[{"start":{"line":165,"column":4},"end":{"line":168,"column":5}},{"start":{},"end":{}}],"line":165}},"s":{"0":1,"1":1,"2":2,"3":1,"4":2,"5":0,"6":1,"7":3,"8":3,"9":1,"10":2,"11":2,"12":0,"13":2,"14":0,"15":0,"16":0,"17":0,"18":0,"19":0,"20":0,"21":0,"22":0,"23":0,"24":0,"25":0,"26":0,"27":0,"28":0,"29":0,"30":0,"31":0,"32":0,"33":0,"34":0,"35":0,"36":0,"37":0,"38":0,"39":0,"40":0,"41":0,"42":0,"43":0,"44":0,"45":0,"46":0,"47":0,"48":0,"49":0,"50":0,"51":0,"52":0,"53":0,"54":0,"55":0,"56":0,"57":0,"58":0,"59":0,"60":0,"61":0,"62":0,"63":0,"64":0,"65":0,"66":0,"67":0,"68":0,"69":1,"70":0,"71":0,"72":0,"73":0,"74":1,"75":1,"76":0,"77":0,"78":0,"79":1,"80":1,"81":0,"82":0,"83":0,"84":1,"85":2,"86":0,"87":2,"88":2,"89":2,"90":1,"91":0,"92":0,"93":0,"94":0,"95":0,"96":0,"97":0,"98":0,"99":0,"100":0,"101":0},"f":{"0":2,"1":2,"2":0,"3":3,"4":0,"5":0,"6":0,"7":0,"8":0,"9":0,"10":0,"11":0,"12":0,"13":0,"14":0,"15":0,"16":0,"17":1,"18":1,"19":2,"20":0,"21":0,"22":0},"b":{"0":[1,1],"1":[1,2],"2":[0,0],"3":[0,0],"4":[0,0],"5":[0,0],"6":[0,1],"7":[0,1],"8":[0,0]},"_coverageSchema":"1a1c01bbd47fc00a2c39e90264f33305004495a9","hash":"5ac041e84421b929c72c8d15e69ef6a4649e7ef3"}
}
